<?xml version="1.0" encoding="UTF-8"?>
<!-- Generated by org.testng.reporters.JUnitReportReporter -->
<testsuite hostname="BOND" failures="0" tests="2" name="testCase.Salesforce_Login" time="69.833" errors="0" timestamp="07 Oct 2019 09:23:52 GMT" skipped="0">
  <testcase classname="testCase.Salesforce_Login" name="login" time="27.905"/>
  <testcase classname="testCase.Salesforce_Login" name="login" time="41.928"/>
</testsuite> <!-- testCase.Salesforce_Login -->
